<?xml version="1.0" encoding="UTF-8"?>
<testsuite name="com.example.myproject.MyProjectApplicationTests" tests="1" skipped="0" failures="0" errors="0" timestamp="2024-05-29T17:50:21" hostname="DESKTOP-4EEGI46" time="0.474">
  <properties/>
  <testcase name="contextLoads()" classname="com.example.myproject.MyProjectApplicationTests" time="0.474"/>
  <system-out><![CDATA[02:50:16.621 [Test worker] INFO org.springframework.test.context.support.AnnotationConfigContextLoaderUtils -- Could not detect default configuration classes for test class [com.example.myproject.MyProjectApplicationTests]: MyProjectApplicationTests does not declare any static, non-private, non-final, nested classes annotated with @Configuration.
02:50:16.732 [Test worker] INFO org.springframework.boot.test.context.SpringBootTestContextBootstrapper -- Found @SpringBootConfiguration com.example.myproject.MyProjectApplication for test class com.example.myproject.MyProjectApplicationTests

  .   ____          _            __ _ _
 /\\ / ___'_ __ _ _(_)_ __  __ _ \ \ \ \
( ( )\___ | '_ | '_| | '_ \/ _` | \ \ \ \
 \\/  ___)| |_)| | | | | || (_| |  ) ) ) )
  '  |____| .__|_| |_|_| |_\__, | / / / /
 =========|_|==============|___/=/_/_/_/
 :: Spring Boot ::                (v3.2.3)

2024-05-30T02:50:17.190+09:00  INFO 103620 --- [    Test worker] c.e.myproject.MyProjectApplicationTests  : Starting MyProjectApplicationTests using Java 17.0.9 with PID 103620 (started by asd in C:\Users\asd\Desktop\study\MyProject)
2024-05-30T02:50:17.192+09:00  INFO 103620 --- [    Test worker] c.e.myproject.MyProjectApplicationTests  : No active profile set, falling back to 1 default profile: "default"
2024-05-30T02:50:17.789+09:00  INFO 103620 --- [    Test worker] .s.d.r.c.RepositoryConfigurationDelegate : Bootstrapping Spring Data JPA repositories in DEFAULT mode.
2024-05-30T02:50:17.873+09:00  INFO 103620 --- [    Test worker] .s.d.r.c.RepositoryConfigurationDelegate : Finished Spring Data repository scanning in 75 ms. Found 7 JPA repository interfaces.
2024-05-30T02:50:18.442+09:00  INFO 103620 --- [    Test worker] o.hibernate.jpa.internal.util.LogHelper  : HHH000204: Processing PersistenceUnitInfo [name: default]
2024-05-30T02:50:18.511+09:00  INFO 103620 --- [    Test worker] org.hibernate.Version                    : HHH000412: Hibernate ORM core version 6.4.4.Final
2024-05-30T02:50:18.552+09:00  INFO 103620 --- [    Test worker] o.h.c.internal.RegionFactoryInitiator    : HHH000026: Second-level cache disabled
2024-05-30T02:50:18.782+09:00  INFO 103620 --- [    Test worker] o.s.o.j.p.SpringPersistenceUnitInfo      : No LoadTimeWeaver setup: ignoring JPA class transformer
2024-05-30T02:50:18.809+09:00  INFO 103620 --- [    Test worker] com.zaxxer.hikari.HikariDataSource       : HikariPool-1 - Starting...
2024-05-30T02:50:19.056+09:00  INFO 103620 --- [    Test worker] com.zaxxer.hikari.pool.HikariPool        : HikariPool-1 - Added connection com.mysql.cj.jdbc.ConnectionImpl@4e1a3d5a
2024-05-30T02:50:19.058+09:00  INFO 103620 --- [    Test worker] com.zaxxer.hikari.HikariDataSource       : HikariPool-1 - Start completed.
2024-05-30T02:50:19.101+09:00  WARN 103620 --- [    Test worker] org.hibernate.orm.deprecation            : HHH90000025: MySQLDialect does not need to be specified explicitly using 'hibernate.dialect' (remove the property setting and it will be selected by default)
2024-05-30T02:50:19.985+09:00  INFO 103620 --- [    Test worker] o.h.e.t.j.p.i.JtaPlatformInitiator       : HHH000489: No JTA platform available (set 'hibernate.transaction.jta.platform' to enable JTA platform integration)
2024-05-30T02:50:20.047+09:00  INFO 103620 --- [    Test worker] p6spy                                    : #1717005020047 | took 2ms | statement | connection 1| url jdbc:mysql://localhost:3306/shop
select * from `shop`.`music_list` where 1=0
select * from `shop`.`music_list` where 1=0;
2024-05-30T02:50:20.061+09:00  INFO 103620 --- [    Test worker] p6spy                                    : #1717005020061 | took 0ms | statement | connection 1| url jdbc:mysql://localhost:3306/shop
select * from `shop`.`member` where 1=0
select * from `shop`.`member` where 1=0;
2024-05-30T02:50:20.063+09:00  INFO 103620 --- [    Test worker] p6spy                                    : #1717005020063 | took 0ms | statement | connection 1| url jdbc:mysql://localhost:3306/shop
select * from `shop`.`music_list` where 1=0
select * from `shop`.`music_list` where 1=0;
2024-05-30T02:50:20.071+09:00  INFO 103620 --- [    Test worker] p6spy                                    : #1717005020071 | took 0ms | statement | connection 1| url jdbc:mysql://localhost:3306/shop
select * from `shop`.`music_list` where 1=0
select * from `shop`.`music_list` where 1=0;
2024-05-30T02:50:20.080+09:00  INFO 103620 --- [    Test worker] p6spy                                    : #1717005020080 | took 0ms | statement | connection 1| url jdbc:mysql://localhost:3306/shop
select * from `shop`.`member` where 1=0
select * from `shop`.`member` where 1=0;
2024-05-30T02:50:20.088+09:00  INFO 103620 --- [    Test worker] p6spy                                    : #1717005020088 | took 0ms | statement | connection 1| url jdbc:mysql://localhost:3306/shop
select * from `shop`.`member` where 1=0
select * from `shop`.`member` where 1=0;
2024-05-30T02:50:20.090+09:00  INFO 103620 --- [    Test worker] p6spy                                    : #1717005020090 | took 0ms | statement | connection 1| url jdbc:mysql://localhost:3306/shop
select * from `shop`.`member` where 1=0
select * from `shop`.`member` where 1=0;
2024-05-30T02:50:20.092+09:00  INFO 103620 --- [    Test worker] p6spy                                    : #1717005020092 | took 0ms | statement | connection 1| url jdbc:mysql://localhost:3306/shop
select * from `shop`.`music_list` where 1=0
select * from `shop`.`music_list` where 1=0;
2024-05-30T02:50:20.094+09:00  INFO 103620 --- [    Test worker] j.LocalContainerEntityManagerFactoryBean : Initialized JPA EntityManagerFactory for persistence unit 'default'
2024-05-30T02:50:20.312+09:00  INFO 103620 --- [    Test worker] o.s.d.j.r.query.QueryEnhancerFactory     : Hibernate is in classpath; If applicable, HQL parser will be used.
2024-05-30T02:50:21.593+09:00  INFO 103620 --- [    Test worker] c.e.myproject.MyProjectApplicationTests  : Started MyProjectApplicationTests in 4.694 seconds (process running for 6.058)
]]></system-out>
  <system-err><![CDATA[]]></system-err>
</testsuite>
